2025-01-24T19:20:39.133Z [CAMERA_MODEL] Finding all cameras for user: 2
2025-01-24T19:20:39.133Z [CAMERA_MODEL] Error finding cameras: SQLITE_ERROR: no such column: lastSeen
2025-01-24T19:20:39.133Z [CAMERA_MODEL] Error stack: Error: SQLITE_ERROR: no such column: lastSeen
2025-01-24T19:20:39.133Z [CAMERA_SERVICE] Error getting cameras: SQLITE_ERROR: no such column: lastSeen
2025-01-24T19:20:39.133Z [CAMERA_ROUTES] Error getting cameras: SQLITE_ERROR: no such column: lastSeen
2025-01-24T19:20:42.869Z [CAMERA_MODEL] Finding all cameras for user: 2
2025-01-24T19:20:42.869Z [CAMERA_MODEL] Error finding cameras: SQLITE_ERROR: no such column: lastSeen
2025-01-24T19:20:42.869Z [CAMERA_MODEL] Error stack: Error: SQLITE_ERROR: no such column: lastSeen
2025-01-24T19:20:42.869Z [CAMERA_SERVICE] Error getting cameras: SQLITE_ERROR: no such column: lastSeen
2025-01-24T19:20:42.869Z [CAMERA_ROUTES] Error getting cameras: SQLITE_ERROR: no such column: lastSeen
2025-01-24T19:20:42.879Z [CAMERA_MODEL] Finding all cameras for user: 2
2025-01-24T19:20:42.879Z [CAMERA_MODEL] Error finding cameras: SQLITE_ERROR: no such column: lastSeen
2025-01-24T19:20:42.879Z [CAMERA_MODEL] Error stack: Error: SQLITE_ERROR: no such column: lastSeen
2025-01-24T19:20:42.879Z [CAMERA_SERVICE] Error getting cameras: SQLITE_ERROR: no such column: lastSeen
2025-01-24T19:20:42.879Z [CAMERA_ROUTES] Error getting cameras: SQLITE_ERROR: no such column: lastSeen
2025-01-24T19:20:51.882Z [CAMERA_ROUTES] POST /api/cameras - User: 2 Data: { name: 'hdgf', type: 'usb', streamUrl: 'usb:2d46556675f7084e356a6c8c9f210a46161439cc5cfe773f22a89fcfb048c56a' }
2025-01-24T19:20:51.882Z [CAMERA_SERVICE] Creating camera for user: 2
2025-01-24T19:20:51.882Z [CAMERA_SERVICE] Testing camera connection: { streamUrl: 'usb:2d46556675f7084e356a6c8c9f210a46161439cc5cfe773f22a89fcfb048c56a', type: 'usb' }
2025-01-24T19:20:51.882Z [CAMERA_SERVICE] Camera connection test successful
2025-01-24T19:20:51.882Z [CAMERA_MODEL] Creating camera: { name: 'hdgf', type: 'usb', streamUrl: 'usb:2d46556675f7084e356a6c8c9f210a46161439cc5cfe773f22a89fcfb048c56a', userId: 2 }
2025-01-24T19:20:51.882Z [CAMERA_MODEL] Error creating camera: SQLITE_ERROR: table cameras has no column named userId
2025-01-24T19:20:51.882Z [CAMERA_MODEL] Error stack: Error: SQLITE_ERROR: table cameras has no column named userId
2025-01-24T19:20:51.882Z [CAMERA_SERVICE] Error creating camera: SQLITE_ERROR: table cameras has no column named userId
2025-01-24T19:20:51.882Z [CAMERA_ROUTES] Error creating camera: SQLITE_ERROR: table cameras has no column named userId